[debug] [2026-06-29T03:52:20.172Z] ----------------------------------------------------------------------
[debug] [2026-06-29T03:52:20.175Z] Command:       C:\Program Files\nodejs\node.exe C:\Users\gabriel\AppData\Roaming\npm\node_modules\firebase-tools\lib\bin\firebase.js init
[debug] [2026-06-29T03:52:20.176Z] CLI Version:   15.22.3
[debug] [2026-06-29T03:52:20.176Z] Platform:      win32
[debug] [2026-06-29T03:52:20.176Z] Node Version:  v24.14.1
[debug] [2026-06-29T03:52:20.176Z] Detected Agent: unknown
[debug] [2026-06-29T03:52:20.176Z] Time:          Mon Jun 29 2026 00:52:20 GMT-0300 (Horário Padrão de Brasília)
[debug] [2026-06-29T03:52:20.176Z] ----------------------------------------------------------------------
[debug] 
[info] 
     ######## #### ########  ######## ########     ###     ######  ########
     ##        ##  ##     ## ##       ##     ##  ##   ##  ##       ##
     ######    ##  ########  ######   ########  #########  ######  ######
     ##        ##  ##    ##  ##       ##     ## ##     ##       ## ##
     ##       #### ##     ## ######## ########  ##     ##  ######  ########

You're about to initialize a Firebase project in this directory:

  C:\Users\gabriel\development\atlasfit

[info] 
=== Project Setup
[info] 
[info] First, let's associate this project directory with a Firebase project.
[info] You can create multiple project aliases by running firebase use --add, 
[info] 
[debug] [2026-06-29T03:52:57.275Z] > command requires scopes: ["email","openid","https://www.googleapis.com/auth/cloudplatformprojects.readonly","https://www.googleapis.com/auth/firebase","https://www.googleapis.com/auth/cloud-platform"]
[debug] [2026-06-29T03:52:57.276Z] > authorizing via signed-in user (sidgabrielmoura40@gmail.com)
[debug] [2026-06-29T03:52:57.279Z] Checked if tokens are valid: true, expires at: 1782708728734
[debug] [2026-06-29T03:52:57.279Z] Checked if tokens are valid: true, expires at: 1782708728734
[debug] [2026-06-29T03:52:57.281Z] >>> [apiv2][query] GET https://firebase.googleapis.com/v1beta1/projects pageSize=100
[debug] [2026-06-29T03:52:58.345Z] <<< [apiv2][status] GET https://firebase.googleapis.com/v1beta1/projects 200
[debug] [2026-06-29T03:52:58.346Z] <<< [apiv2][body] GET https://firebase.googleapis.com/v1beta1/projects [omitted]
[info] 
=== Dataconnect Setup
[info] i  dataconnect: ensuring required API firebasedataconnect.googleapis.com is enabled... 
[debug] [2026-06-29T03:53:00.747Z] Checked if tokens are valid: true, expires at: 1782708728734
[debug] [2026-06-29T03:53:00.747Z] Checked if tokens are valid: true, expires at: 1782708728734
[info] i  dataconnect: ensuring required API sqladmin.googleapis.com is enabled... 
[debug] [2026-06-29T03:53:00.749Z] Checked if tokens are valid: true, expires at: 1782708728734
[debug] [2026-06-29T03:53:00.749Z] Checked if tokens are valid: true, expires at: 1782708728734
[debug] [2026-06-29T03:53:00.749Z] >>> [apiv2][query] GET https://serviceusage.googleapis.com/v1/projects/atlasfit-5a39c/services/firebasedataconnect.googleapis.com [none]
[debug] [2026-06-29T03:53:00.750Z] >>> [apiv2][(partial)header] GET https://serviceusage.googleapis.com/v1/projects/atlasfit-5a39c/services/firebasedataconnect.googleapis.com  x-goog-user-project=atlasfit-5a39c
[debug] [2026-06-29T03:53:00.752Z] >>> [apiv2][query] GET https://serviceusage.googleapis.com/v1/projects/atlasfit-5a39c/services/sqladmin.googleapis.com [none]
[debug] [2026-06-29T03:53:00.753Z] >>> [apiv2][(partial)header] GET https://serviceusage.googleapis.com/v1/projects/atlasfit-5a39c/services/sqladmin.googleapis.com  x-goog-user-project=atlasfit-5a39c
[debug] [2026-06-29T03:53:01.998Z] <<< [apiv2][status] GET https://serviceusage.googleapis.com/v1/projects/atlasfit-5a39c/services/firebasedataconnect.googleapis.com 200
[debug] [2026-06-29T03:53:01.998Z] <<< [apiv2][body] GET https://serviceusage.googleapis.com/v1/projects/atlasfit-5a39c/services/firebasedataconnect.googleapis.com [omitted]
[warn] !  dataconnect: missing required API firebasedataconnect.googleapis.com. Enabling now... 
[debug] [2026-06-29T03:53:01.999Z] Checked if tokens are valid: true, expires at: 1782708728734
[debug] [2026-06-29T03:53:01.999Z] Checked if tokens are valid: true, expires at: 1782708728734
[debug] [2026-06-29T03:53:01.999Z] >>> [apiv2][query] POST https://serviceusage.googleapis.com/v1/projects/atlasfit-5a39c/services/firebasedataconnect.googleapis.com:enable [none]
[debug] [2026-06-29T03:53:01.999Z] >>> [apiv2][(partial)header] POST https://serviceusage.googleapis.com/v1/projects/atlasfit-5a39c/services/firebasedataconnect.googleapis.com:enable  x-goog-user-project=atlasfit-5a39c
[debug] [2026-06-29T03:53:02.005Z] <<< [apiv2][status] GET https://serviceusage.googleapis.com/v1/projects/atlasfit-5a39c/services/sqladmin.googleapis.com 200
[debug] [2026-06-29T03:53:02.005Z] <<< [apiv2][body] GET https://serviceusage.googleapis.com/v1/projects/atlasfit-5a39c/services/sqladmin.googleapis.com [omitted]
[warn] !  dataconnect: missing required API sqladmin.googleapis.com. Enabling now... 
[debug] [2026-06-29T03:53:02.005Z] Checked if tokens are valid: true, expires at: 1782708728734
[debug] [2026-06-29T03:53:02.006Z] Checked if tokens are valid: true, expires at: 1782708728734
[debug] [2026-06-29T03:53:02.006Z] >>> [apiv2][query] POST https://serviceusage.googleapis.com/v1/projects/atlasfit-5a39c/services/sqladmin.googleapis.com:enable [none]
[debug] [2026-06-29T03:53:02.006Z] >>> [apiv2][(partial)header] POST https://serviceusage.googleapis.com/v1/projects/atlasfit-5a39c/services/sqladmin.googleapis.com:enable  x-goog-user-project=atlasfit-5a39c
[debug] [2026-06-29T03:53:02.738Z] <<< [apiv2][status] POST https://serviceusage.googleapis.com/v1/projects/atlasfit-5a39c/services/firebasedataconnect.googleapis.com:enable 200
[debug] [2026-06-29T03:53:02.738Z] <<< [apiv2][body] POST https://serviceusage.googleapis.com/v1/projects/atlasfit-5a39c/services/firebasedataconnect.googleapis.com:enable [omitted]
[debug] [2026-06-29T03:53:02.829Z] <<< [apiv2][status] POST https://serviceusage.googleapis.com/v1/projects/atlasfit-5a39c/services/sqladmin.googleapis.com:enable 200
[debug] [2026-06-29T03:53:02.830Z] <<< [apiv2][body] POST https://serviceusage.googleapis.com/v1/projects/atlasfit-5a39c/services/sqladmin.googleapis.com:enable [omitted]
[debug] [2026-06-29T03:53:12.847Z] Checked if tokens are valid: true, expires at: 1782708728734
[debug] [2026-06-29T03:53:12.847Z] Checked if tokens are valid: true, expires at: 1782708728734
[debug] [2026-06-29T03:53:12.847Z] >>> [apiv2][query] GET https://firebasedataconnect.googleapis.com/v1/projects/atlasfit-5a39c/locations/-/services [none]
[debug] [2026-06-29T03:53:14.416Z] <<< [apiv2][status] GET https://firebasedataconnect.googleapis.com/v1/projects/atlasfit-5a39c/locations/-/services 200
[debug] [2026-06-29T03:53:14.416Z] <<< [apiv2][body] GET https://firebasedataconnect.googleapis.com/v1/projects/atlasfit-5a39c/locations/-/services {}
[debug] [2026-06-29T03:53:17.004Z] Checked if tokens are valid: true, expires at: 1782708728734
[debug] [2026-06-29T03:53:17.004Z] Checked if tokens are valid: true, expires at: 1782708728734
[debug] [2026-06-29T03:53:17.005Z] >>> [apiv2][query] GET https://serviceusage.googleapis.com/v1/projects/atlasfit-5a39c/services/cloudbilling.googleapis.com [none]
[debug] [2026-06-29T03:53:17.005Z] >>> [apiv2][(partial)header] GET https://serviceusage.googleapis.com/v1/projects/atlasfit-5a39c/services/cloudbilling.googleapis.com  x-goog-user-project=atlasfit-5a39c
[debug] [2026-06-29T03:53:18.139Z] <<< [apiv2][status] GET https://serviceusage.googleapis.com/v1/projects/atlasfit-5a39c/services/cloudbilling.googleapis.com 200
[debug] [2026-06-29T03:53:18.139Z] <<< [apiv2][body] GET https://serviceusage.googleapis.com/v1/projects/atlasfit-5a39c/services/cloudbilling.googleapis.com [omitted]
[debug] [2026-06-29T03:53:18.139Z] Checked if tokens are valid: true, expires at: 1782708728734
[debug] [2026-06-29T03:53:18.139Z] Checked if tokens are valid: true, expires at: 1782708728734
[debug] [2026-06-29T03:53:18.140Z] >>> [apiv2][query] POST https://serviceusage.googleapis.com/v1/projects/atlasfit-5a39c/services/cloudbilling.googleapis.com:enable [none]
[debug] [2026-06-29T03:53:18.140Z] >>> [apiv2][(partial)header] POST https://serviceusage.googleapis.com/v1/projects/atlasfit-5a39c/services/cloudbilling.googleapis.com:enable  x-goog-user-project=atlasfit-5a39c
[debug] [2026-06-29T03:53:18.919Z] <<< [apiv2][status] POST https://serviceusage.googleapis.com/v1/projects/atlasfit-5a39c/services/cloudbilling.googleapis.com:enable 200
[debug] [2026-06-29T03:53:18.919Z] <<< [apiv2][body] POST https://serviceusage.googleapis.com/v1/projects/atlasfit-5a39c/services/cloudbilling.googleapis.com:enable [omitted]
[debug] [2026-06-29T03:53:28.937Z] Checked if tokens are valid: true, expires at: 1782708728734
[debug] [2026-06-29T03:53:28.937Z] Checked if tokens are valid: true, expires at: 1782708728734
[debug] [2026-06-29T03:53:28.937Z] >>> [apiv2][query] GET https://cloudbilling.googleapis.com/v1/projects/atlasfit-5a39c/billingInfo [none]
[debug] [2026-06-29T03:53:28.937Z] >>> [apiv2][(partial)header] GET https://cloudbilling.googleapis.com/v1/projects/atlasfit-5a39c/billingInfo  x-goog-user-project=atlasfit-5a39c
[debug] [2026-06-29T03:53:29.564Z] <<< [apiv2][status] GET https://cloudbilling.googleapis.com/v1/projects/atlasfit-5a39c/billingInfo 200
[debug] [2026-06-29T03:53:29.564Z] <<< [apiv2][body] GET https://cloudbilling.googleapis.com/v1/projects/atlasfit-5a39c/billingInfo {"name":"projects/atlasfit-5a39c/billingInfo","projectId":"atlasfit-5a39c","billingAccountName":"","billingEnabled":false}
[debug] [2026-06-29T03:53:29.565Z] Checked if tokens are valid: true, expires at: 1782708728734
[debug] [2026-06-29T03:53:29.565Z] Checked if tokens are valid: true, expires at: 1782708728734
[debug] [2026-06-29T03:53:29.566Z] >>> [apiv2][query] GET https://monitoring.googleapis.com/v3/projects/atlasfit-5a39c/timeSeries/ filter=metric.type%3D%22serviceruntime.googleapis.com%2Fquota%2Fallocation%2Fusage%22+AND+metric.label.quota_metric+%3D+%22sqladmin.googleapis.com%2Ffdc_lifetime_free_trial_per_project%22&interval.endTime=2026-06-29T03%3A53%3A29.565Z&interval.startTime=2026-06-22T03%3A53%3A29.565Z
[debug] [2026-06-29T03:53:31.200Z] <<< [apiv2][status] GET https://monitoring.googleapis.com/v3/projects/atlasfit-5a39c/timeSeries/ 200
[debug] [2026-06-29T03:53:31.200Z] <<< [apiv2][body] GET https://monitoring.googleapis.com/v3/projects/atlasfit-5a39c/timeSeries/ {"unit":"1"}
[info] +  dataconnect: CloudSQL no cost trial available! 
[debug] [2026-06-29T03:53:31.201Z] Checked if tokens are valid: true, expires at: 1782708728734
[debug] [2026-06-29T03:53:31.201Z] Checked if tokens are valid: true, expires at: 1782708728734
[debug] [2026-06-29T03:53:31.201Z] >>> [apiv2][query] GET https://sqladmin.googleapis.com/v1/projects/atlasfit-5a39c/instances [none]
[debug] [2026-06-29T03:53:32.440Z] <<< [apiv2][status] GET https://sqladmin.googleapis.com/v1/projects/atlasfit-5a39c/instances 200
[debug] [2026-06-29T03:53:32.442Z] <<< [apiv2][body] GET https://sqladmin.googleapis.com/v1/projects/atlasfit-5a39c/instances {}
[debug] [2026-06-29T03:53:32.442Z] Checked if tokens are valid: true, expires at: 1782708728734
[debug] [2026-06-29T03:53:32.443Z] Checked if tokens are valid: true, expires at: 1782708728734
[debug] [2026-06-29T03:53:32.443Z] >>> [apiv2][query] GET https://firebasedataconnect.googleapis.com/v1/projects/atlasfit-5a39c/locations [none]
[debug] [2026-06-29T03:53:33.546Z] <<< [apiv2][status] GET https://firebasedataconnect.googleapis.com/v1/projects/atlasfit-5a39c/locations 200
[debug] [2026-06-29T03:53:33.547Z] <<< [apiv2][body] GET https://firebasedataconnect.googleapis.com/v1/projects/atlasfit-5a39c/locations {"locations":[{"name":"projects/atlasfit-5a39c/locations/asia-east1","locationId":"asia-east1","displayName":"Taiwan"},{"name":"projects/atlasfit-5a39c/locations/asia-east2","locationId":"asia-east2","displayName":"Hong Kong"},{"name":"projects/atlasfit-5a39c/locations/asia-northeast1","locationId":"asia-northeast1","displayName":"Tokyo"},{"name":"projects/atlasfit-5a39c/locations/asia-northeast2","locationId":"asia-northeast2","displayName":"Osaka"},{"name":"projects/atlasfit-5a39c/locations/asia-northeast3","locationId":"asia-northeast3","displayName":"Seoul"},{"name":"projects/atlasfit-5a39c/locations/asia-south1","locationId":"asia-south1","displayName":"Mumbai"},{"name":"projects/atlasfit-5a39c/locations/asia-southeast1","locationId":"asia-southeast1","displayName":"Singapore"},{"name":"projects/atlasfit-5a39c/locations/asia-southeast2","locationId":"asia-southeast2","displayName":"Jakarta"},{"name":"projects/atlasfit-5a39c/locations/australia-southeast1","locationId":"australia-southeast1","displayName":"Sydney"},{"name":"projects/atlasfit-5a39c/locations/australia-southeast2","locationId":"australia-southeast2","displayName":"Melbourne"},{"name":"projects/atlasfit-5a39c/locations/europe-central2","locationId":"europe-central2","displayName":"Warsaw"},{"name":"projects/atlasfit-5a39c/locations/europe-north1","locationId":"europe-north1","displayName":"Finland"},{"name":"projects/atlasfit-5a39c/locations/europe-southwest1","locationId":"europe-southwest1","displayName":"Madrid"},{"name":"projects/atlasfit-5a39c/locations/europe-west1","locationId":"europe-west1","displayName":"Belgium"},{"name":"projects/atlasfit-5a39c/locations/europe-west2","locationId":"europe-west2","displayName":"London"},{"name":"projects/atlasfit-5a39c/locations/europe-west3","locationId":"europe-west3","displayName":"Frankfurt"},{"name":"projects/atlasfit-5a39c/locations/europe-west4","locationId":"europe-west4","displayName":"Netherlands"},{"name":"projects/atlasfit-5a39c/locations/europe-west6","locationId":"europe-west6","displayName":"Zurich"},{"name":"projects/atlasfit-5a39c/locations/europe-west8","locationId":"europe-west8","displayName":"Milan"},{"name":"projects/atlasfit-5a39c/locations/europe-west9","locationId":"europe-west9","displayName":"Paris"},{"name":"projects/atlasfit-5a39c/locations/me-west1","locationId":"me-west1","displayName":"Tel Aviv"},{"name":"projects/atlasfit-5a39c/locations/northamerica-northeast1","locationId":"northamerica-northeast1","displayName":"Montréal"},{"name":"projects/atlasfit-5a39c/locations/northamerica-northeast2","locationId":"northamerica-northeast2","displayName":"Toronto"},{"name":"projects/atlasfit-5a39c/locations/southamerica-east1","locationId":"southamerica-east1","displayName":"São Paulo"},{"name":"projects/atlasfit-5a39c/locations/southamerica-west1","locationId":"southamerica-west1","displayName":"Santiago"},{"name":"projects/atlasfit-5a39c/locations/us-central1","locationId":"us-central1","displayName":"Iowa"},{"name":"projects/atlasfit-5a39c/locations/us-east1","locationId":"us-east1","displayName":"South Carolina"},{"name":"projects/atlasfit-5a39c/locations/us-east4","locationId":"us-east4","displayName":"Northern Virginia"},{"name":"projects/atlasfit-5a39c/locations/us-south1","locationId":"us-south1","displayName":"Dallas"},{"name":"projects/atlasfit-5a39c/locations/us-west1","locationId":"us-west1","displayName":"Oregon"},{"name":"projects/atlasfit-5a39c/locations/us-west2","locationId":"us-west2","displayName":"Los Angeles"},{"name":"projects/atlasfit-5a39c/locations/us-west3","locationId":"us-west3","displayName":"Salt Lake City"},{"name":"projects/atlasfit-5a39c/locations/us-west4","locationId":"us-west4","displayName":"Las Vegas"}]}
[info] +  dataconnect: Detected existing apps . (web) 
[debug] [2026-06-29T03:54:04.828Z] Checked if tokens are valid: true, expires at: 1782708728734
[debug] [2026-06-29T03:54:04.828Z] Checked if tokens are valid: true, expires at: 1782708728734
[debug] [2026-06-29T03:54:04.828Z] >>> [apiv2][query] GET https://firebasedataconnect.googleapis.com/v1/projects/atlasfit-5a39c/locations/us-east4/services/atlasfit/schemas pageSize=100&pageToken=&fields=schemas.name%2Cschemas.datasources%2Cschemas.source
[debug] [2026-06-29T03:54:05.811Z] <<< [apiv2][status] GET https://firebasedataconnect.googleapis.com/v1/projects/atlasfit-5a39c/locations/us-east4/services/atlasfit/schemas 404
[debug] [2026-06-29T03:54:05.811Z] <<< [apiv2][body] GET https://firebasedataconnect.googleapis.com/v1/projects/atlasfit-5a39c/locations/us-east4/services/atlasfit/schemas {"error":{"code":404,"message":"Resource 'services/atlasfit' was not found","status":"NOT_FOUND","details":[{"@type":"type.googleapis.com/google.rpc.ResourceInfo","resourceName":"services/atlasfit"}]}}
[info] +  Wrote dataconnect\dataconnect.yaml 
[info] +  Wrote dataconnect\seed_data.gql 
[info] +  Wrote dataconnect\schema\schema.gql 
[info] +  Wrote dataconnect\example\connector.yaml 
[info] +  Wrote dataconnect\example\queries.gql 
[info] +  Wrote dataconnect\example\mutations.gql 
[info] +  Wrote dataconnect\example\connector.yaml 
[info] i  dataconnect: Installing the generated SDKs ... 
[info] i  dataconnect: downloading dataconnect-emulator-3.4.14.exe... {"metadata":{"emulator":{"name":"dataconnect"},"message":"downloading dataconnect-emulator-3.4.14.exe..."}}
[debug] [2026-06-29T03:54:05.909Z] >>> [apiv2][query] GET https://storage.googleapis.com/firemat-preview-drop/emulator/dataconnect-emulator-windows-amd64-v3.4.14 
[debug] [2026-06-29T03:54:06.425Z] <<< [apiv2][status] GET https://storage.googleapis.com/firemat-preview-drop/emulator/dataconnect-emulator-windows-amd64-v3.4.14 200
[debug] [2026-06-29T03:54:06.425Z] <<< [apiv2][body] GET https://storage.googleapis.com/firemat-preview-drop/emulator/dataconnect-emulator-windows-amd64-v3.4.14 [stream]
[debug] [2026-06-29T03:54:08.852Z] defaultcredentials: writing to file C:\Users\gabriel\AppData\Roaming\firebase\sidgabrielmoura40_gmail_com_application_default_credentials.json
[info] +  dataconnect: Installed generated SDKs for . (web) 
[info] i  Visit https://firebase.google.com/docs/data-connect/web-sdk#react for more information on how to set up React Generated SDKs for Firebase SQL Connect 
[info] 
=== Firestore Setup
[info] i  firestore: ensuring required API firestore.googleapis.com is enabled... 
[debug] [2026-06-29T03:55:02.973Z] Checked if tokens are valid: true, expires at: 1782708728734
[debug] [2026-06-29T03:55:02.973Z] Checked if tokens are valid: true, expires at: 1782708728734
[debug] [2026-06-29T03:55:02.973Z] >>> [apiv2][query] GET https://serviceusage.googleapis.com/v1/projects/atlasfit-5a39c/services/firestore.googleapis.com [none]
[debug] [2026-06-29T03:55:02.973Z] >>> [apiv2][(partial)header] GET https://serviceusage.googleapis.com/v1/projects/atlasfit-5a39c/services/firestore.googleapis.com  x-goog-user-project=atlasfit-5a39c
[debug] [2026-06-29T03:55:04.181Z] <<< [apiv2][status] GET https://serviceusage.googleapis.com/v1/projects/atlasfit-5a39c/services/firestore.googleapis.com 200
[debug] [2026-06-29T03:55:04.181Z] <<< [apiv2][body] GET https://serviceusage.googleapis.com/v1/projects/atlasfit-5a39c/services/firestore.googleapis.com [omitted]
[warn] !  firestore: missing required API firestore.googleapis.com. Enabling now... 
[debug] [2026-06-29T03:55:04.182Z] Checked if tokens are valid: true, expires at: 1782708728734
[debug] [2026-06-29T03:55:04.182Z] Checked if tokens are valid: true, expires at: 1782708728734
[debug] [2026-06-29T03:55:04.182Z] >>> [apiv2][query] POST https://serviceusage.googleapis.com/v1/projects/atlasfit-5a39c/services/firestore.googleapis.com:enable [none]
[debug] [2026-06-29T03:55:04.182Z] >>> [apiv2][(partial)header] POST https://serviceusage.googleapis.com/v1/projects/atlasfit-5a39c/services/firestore.googleapis.com:enable  x-goog-user-project=atlasfit-5a39c
[debug] [2026-06-29T03:55:05.001Z] <<< [apiv2][status] POST https://serviceusage.googleapis.com/v1/projects/atlasfit-5a39c/services/firestore.googleapis.com:enable 200
[debug] [2026-06-29T03:55:05.002Z] <<< [apiv2][body] POST https://serviceusage.googleapis.com/v1/projects/atlasfit-5a39c/services/firestore.googleapis.com:enable [omitted]
[debug] [2026-06-29T03:55:15.046Z] Checked if tokens are valid: true, expires at: 1782708728734
[debug] [2026-06-29T03:55:15.046Z] Checked if tokens are valid: true, expires at: 1782708728734
[debug] [2026-06-29T03:55:15.046Z] >>> [apiv2][query] GET https://firestore.googleapis.com/v1/projects/atlasfit-5a39c/databases [none]
[debug] [2026-06-29T03:55:15.929Z] <<< [apiv2][status] GET https://firestore.googleapis.com/v1/projects/atlasfit-5a39c/databases 200
[debug] [2026-06-29T03:55:15.929Z] <<< [apiv2][body] GET https://firestore.googleapis.com/v1/projects/atlasfit-5a39c/databases {}
[debug] [2026-06-29T03:55:15.929Z] Checked if tokens are valid: true, expires at: 1782708728734
[debug] [2026-06-29T03:55:15.929Z] Checked if tokens are valid: true, expires at: 1782708728734
[debug] [2026-06-29T03:55:15.930Z] >>> [apiv2][query] GET https://firestore.googleapis.com/v1/projects/atlasfit-5a39c/locations [none]
[debug] [2026-06-29T03:55:16.256Z] <<< [apiv2][status] GET https://firestore.googleapis.com/v1/projects/atlasfit-5a39c/locations 200
[debug] [2026-06-29T03:55:16.256Z] <<< [apiv2][body] GET https://firestore.googleapis.com/v1/projects/atlasfit-5a39c/locations {"locations":[{"name":"projects/atlasfit-5a39c/locations/eur3","labels":{"appengine.googleapis.com/geo":"europe-west","cloud.googleapis.com/location":"eur3","cloud.googleapis.com/geo":"eur3"},"metadata":{"@type":"type.googleapis.com/google.firestore.admin.v1.LocationMetadata"},"locationId":"eur3","displayName":"Europe"},{"name":"projects/atlasfit-5a39c/locations/nam5","labels":{"appengine.googleapis.com/geo":"us-central","cloud.googleapis.com/location":"nam5","cloud.googleapis.com/geo":"nam5"},"metadata":{"@type":"type.googleapis.com/google.firestore.admin.v1.LocationMetadata"},"locationId":"nam5","displayName":"United States"},{"name":"projects/atlasfit-5a39c/locations/nam7","labels":{"cloud.googleapis.com/location":"nam7","cloud.googleapis.com/geo":"nam7"},"metadata":{"@type":"type.googleapis.com/google.firestore.admin.v1.LocationMetadata"},"locationId":"nam7","displayName":"United States"},{"name":"projects/atlasfit-5a39c/locations/africa-south1","labels":{"cloud.googleapis.com/location":"africa-south1","cloud.googleapis.com/region":"africa-south1"},"metadata":{"@type":"type.googleapis.com/google.firestore.admin.v1.LocationMetadata"},"locationId":"africa-south1","displayName":"Johannesburg"},{"name":"projects/atlasfit-5a39c/locations/asia-east1","labels":{"appengine.googleapis.com/region":"asia-east1","cloud.googleapis.com/location":"asia-east1","cloud.googleapis.com/region":"asia-east1"},"metadata":{"@type":"type.googleapis.com/google.firestore.admin.v1.LocationMetadata"},"locationId":"asia-east1","displayName":"Taiwan"},{"name":"projects/atlasfit-5a39c/locations/asia-east2","labels":{"appengine.googleapis.com/region":"asia-east2","cloud.googleapis.com/location":"asia-east2","cloud.googleapis.com/region":"asia-east2"},"metadata":{"@type":"type.googleapis.com/google.firestore.admin.v1.LocationMetadata"},"locationId":"asia-east2","displayName":"Hong Kong"},{"name":"projects/atlasfit-5a39c/locations/asia-northeast1","labels":{"appengine.googleapis.com/region":"asia-northeast1","cloud.googleapis.com/location":"asia-northeast1","cloud.googleapis.com/region":"asia-northeast1"},"metadata":{"@type":"type.googleapis.com/google.firestore.admin.v1.LocationMetadata"},"locationId":"asia-northeast1","displayName":"Tokyo"},{"name":"projects/atlasfit-5a39c/locations/asia-northeast2","labels":{"appengine.googleapis.com/region":"asia-northeast2","cloud.googleapis.com/location":"asia-northeast2","cloud.googleapis.com/region":"asia-northeast2"},"metadata":{"@type":"type.googleapis.com/google.firestore.admin.v1.LocationMetadata"},"locationId":"asia-northeast2","displayName":"Osaka"},{"name":"projects/atlasfit-5a39c/locations/asia-northeast3","labels":{"appengine.googleapis.com/region":"asia-northeast3","cloud.googleapis.com/location":"asia-northeast3","cloud.googleapis.com/region":"asia-northeast3"},"metadata":{"@type":"type.googleapis.com/google.firestore.admin.v1.LocationMetadata"},"locationId":"asia-northeast3","displayName":"Seoul"},{"name":"projects/atlasfit-5a39c/locations/asia-south1","labels":{"appengine.googleapis.com/region":"asia-south1","cloud.googleapis.com/location":"asia-south1","cloud.googleapis.com/region":"asia-south1"},"metadata":{"@type":"type.googleapis.com/google.firestore.admin.v1.LocationMetadata"},"locationId":"asia-south1","displayName":"Mumbai"},{"name":"projects/atlasfit-5a39c/locations/asia-south2","labels":{"cloud.googleapis.com/location":"asia-south2","cloud.googleapis.com/region":"asia-south2"},"metadata":{"@type":"type.googleapis.com/google.firestore.admin.v1.LocationMetadata"},"locationId":"asia-south2","displayName":"Delhi"},{"name":"projects/atlasfit-5a39c/locations/asia-southeast1","labels":{"appengine.googleapis.com/region":"asia-southeast1","cloud.googleapis.com/location":"asia-southeast1","cloud.googleapis.com/region":"asia-southeast1"},"metadata":{"@type":"type.googleapis.com/google.firestore.admin.v1.LocationMetadata"},"locationId":"asia-southeast1","displayName":"Singapore"},{"name":"projects/atlasfit-5a39c/locations/asia-southeast2","labels":{"appengine.googleapis.com/region":"asia-southeast2","cloud.googleapis.com/location":"asia-southeast2","cloud.googleapis.com/region":"asia-southeast2"},"metadata":{"@type":"type.googleapis.com/google.firestore.admin.v1.LocationMetadata"},"locationId":"asia-southeast2","displayName":"Jakarta"},{"name":"projects/atlasfit-5a39c/locations/asia-southeast3","labels":{"cloud.googleapis.com/location":"asia-southeast3","cloud.googleapis.com/region":"asia-southeast3"},"metadata":{"@type":"type.googleapis.com/google.firestore.admin.v1.LocationMetadata"},"locationId":"asia-southeast3","displayName":"Bangkok"},{"name":"projects/atlasfit-5a39c/locations/australia-southeast1","labels":{"appengine.googleapis.com/region":"australia-southeast1","cloud.googleapis.com/location":"australia-southeast1","cloud.googleapis.com/region":"australia-southeast1"},"metadata":{"@type":"type.googleapis.com/google.firestore.admin.v1.LocationMetadata"},"locationId":"australia-southeast1","displayName":"Sydney"},{"name":"projects/atlasfit-5a39c/locations/australia-southeast2","labels":{"cloud.googleapis.com/location":"australia-southeast2","cloud.googleapis.com/region":"australia-southeast2"},"metadata":{"@type":"type.googleapis.com/google.firestore.admin.v1.LocationMetadata"},"locationId":"australia-southeast2","displayName":"Melbourne"},{"name":"projects/atlasfit-5a39c/locations/europe-central2","labels":{"appengine.googleapis.com/region":"europe-central2","cloud.googleapis.com/location":"europe-central2","cloud.googleapis.com/region":"europe-central2"},"metadata":{"@type":"type.googleapis.com/google.firestore.admin.v1.LocationMetadata"},"locationId":"europe-central2","displayName":"Warsaw"},{"name":"projects/atlasfit-5a39c/locations/europe-north1","labels":{"cloud.googleapis.com/location":"europe-north1","cloud.googleapis.com/region":"europe-north1"},"metadata":{"@type":"type.googleapis.com/google.firestore.admin.v1.LocationMetadata"},"locationId":"europe-north1","displayName":"Finland"},{"name":"projects/atlasfit-5a39c/locations/europe-north2","labels":{"cloud.googleapis.com/location":"europe-north2","cloud.googleapis.com/region":"europe-north2"},"metadata":{"@type":"type.googleapis.com/google.firestore.admin.v1.LocationMetadata"},"locationId":"europe-north2","displayName":"Stockholm"},{"name":"projects/atlasfit-5a39c/locations/europe-southwest1","labels":{"cloud.googleapis.com/location":"europe-southwest1","cloud.googleapis.com/region":"europe-southwest1"},"metadata":{"@type":"type.googleapis.com/google.firestore.admin.v1.LocationMetadata"},"locationId":"europe-southwest1","displayName":"Madrid"},{"name":"projects/atlasfit-5a39c/locations/europe-west1","labels":{"cloud.googleapis.com/location":"europe-west1","cloud.googleapis.com/region":"europe-west1"},"metadata":{"@type":"type.googleapis.com/google.firestore.admin.v1.LocationMetadata"},"locationId":"europe-west1","displayName":"Belgium"},{"name":"projects/atlasfit-5a39c/locations/europe-west10","labels":{"cloud.googleapis.com/location":"europe-west10","cloud.googleapis.com/region":"europe-west10"},"metadata":{"@type":"type.googleapis.com/google.firestore.admin.v1.LocationMetadata"},"locationId":"europe-west10","displayName":"Berlin"},{"name":"projects/atlasfit-5a39c/locations/europe-west12","labels":{"cloud.googleapis.com/location":"europe-west12","cloud.googleapis.com/region":"europe-west12"},"metadata":{"@type":"type.googleapis.com/google.firestore.admin.v1.LocationMetadata"},"locationId":"europe-west12","displayName":"Turin"},{"name":"projects/atlasfit-5a39c/locations/europe-west2","labels":{"appengine.googleapis.com/region":"europe-west2","cloud.googleapis.com/location":"europe-west2","cloud.googleapis.com/region":"europe-west2"},"metadata":{"@type":"type.googleapis.com/google.firestore.admin.v1.LocationMetadata"},"locationId":"europe-west2","displayName":"London"},{"name":"projects/atlasfit-5a39c/locations/europe-west3","labels":{"appengine.googleapis.com/region":"europe-west3","cloud.googleapis.com/location":"europe-west3","cloud.googleapis.com/region":"europe-west3"},"metadata":{"@type":"type.googleapis.com/google.firestore.admin.v1.LocationMetadata"},"locationId":"europe-west3","displayName":"Frankfurt"},{"name":"projects/atlasfit-5a39c/locations/europe-west4","labels":{"cloud.googleapis.com/location":"europe-west4","cloud.googleapis.com/region":"europe-west4"},"metadata":{"@type":"type.googleapis.com/google.firestore.admin.v1.LocationMetadata"},"locationId":"europe-west4","displayName":"Netherlands"},{"name":"projects/atlasfit-5a39c/locations/europe-west6","labels":{"appengine.googleapis.com/region":"europe-west6","cloud.googleapis.com/location":"europe-west6","cloud.googleapis.com/region":"europe-west6"},"metadata":{"@type":"type.googleapis.com/google.firestore.admin.v1.LocationMetadata"},"locationId":"europe-west6","displayName":"Zurich"},{"name":"projects/atlasfit-5a39c/locations/europe-west8","labels":{"cloud.googleapis.com/location":"europe-west8","cloud.googleapis.com/region":"europe-west8"},"metadata":{"@type":"type.googleapis.com/google.firestore.admin.v1.LocationMetadata"},"locationId":"europe-west8","displayName":"Milan"},{"name":"projects/atlasfit-5a39c/locations/europe-west9","labels":{"cloud.googleapis.com/location":"europe-west9","cloud.googleapis.com/region":"europe-west9"},"metadata":{"@type":"type.googleapis.com/google.firestore.admin.v1.LocationMetadata"},"locationId":"europe-west9","displayName":"Paris"},{"name":"projects/atlasfit-5a39c/locations/me-central1","labels":{"cloud.googleapis.com/location":"me-central1","cloud.googleapis.com/region":"me-central1"},"metadata":{"@type":"type.googleapis.com/google.firestore.admin.v1.LocationMetadata"},"locationId":"me-central1","displayName":"Doha"},{"name":"projects/atlasfit-5a39c/locations/me-central2","labels":{"cloud.googleapis.com/location":"me-central2","cloud.googleapis.com/region":"me-central2"},"metadata":{"@type":"type.googleapis.com/google.firestore.admin.v1.LocationMetadata"},"locationId":"me-central2","displayName":"Dammam"},{"name":"projects/atlasfit-5a39c/locations/me-west1","labels":{"cloud.googleapis.com/location":"me-west1","cloud.googleapis.com/region":"me-west1"},"metadata":{"@type":"type.googleapis.com/google.firestore.admin.v1.LocationMetadata"},"locationId":"me-west1","displayName":"Tel Aviv"},{"name":"projects/atlasfit-5a39c/locations/northamerica-northeast1","labels":{"appengine.googleapis.com/region":"northamerica-northeast1","cloud.googleapis.com/location":"northamerica-northeast1","cloud.googleapis.com/region":"northamerica-northeast1"},"metadata":{"@type":"type.googleapis.com/google.firestore.admin.v1.LocationMetadata"},"locationId":"northamerica-northeast1","displayName":"Montréal"},{"name":"projects/atlasfit-5a39c/locations/northamerica-northeast2","labels":{"cloud.googleapis.com/location":"northamerica-northeast2","cloud.googleapis.com/region":"northamerica-northeast2"},"metadata":{"@type":"type.googleapis.com/google.firestore.admin.v1.LocationMetadata"},"locationId":"northamerica-northeast2","displayName":"Toronto"},{"name":"projects/atlasfit-5a39c/locations/northamerica-south1","labels":{"cloud.googleapis.com/location":"northamerica-south1","cloud.googleapis.com/region":"northamerica-south1"},"metadata":{"@type":"type.googleapis.com/google.firestore.admin.v1.LocationMetadata"},"locationId":"northamerica-south1","displayName":"Mexico"},{"name":"projects/atlasfit-5a39c/locations/southamerica-east1","labels":{"appengine.googleapis.com/region":"southamerica-east1","cloud.googleapis.com/location":"southamerica-east1","cloud.googleapis.com/region":"southamerica-east1"},"metadata":{"@type":"type.googleapis.com/google.firestore.admin.v1.LocationMetadata"},"locationId":"southamerica-east1","displayName":"São Paulo"},{"name":"projects/atlasfit-5a39c/locations/southamerica-west1","labels":{"cloud.googleapis.com/location":"southamerica-west1","cloud.googleapis.com/region":"southamerica-west1"},"metadata":{"@type":"type.googleapis.com/google.firestore.admin.v1.LocationMetadata"},"locationId":"southamerica-west1","displayName":"Santiago"},{"name":"projects/atlasfit-5a39c/locations/us-central1","labels":{"cloud.googleapis.com/location":"us-central1","cloud.googleapis.com/region":"us-central1"},"metadata":{"@type":"type.googleapis.com/google.firestore.admin.v1.LocationMetadata"},"locationId":"us-central1","displayName":"Iowa"},{"name":"projects/atlasfit-5a39c/locations/us-east1","labels":{"appengine.googleapis.com/region":"us-east1","cloud.googleapis.com/location":"us-east1","cloud.googleapis.com/region":"us-east1"},"metadata":{"@type":"type.googleapis.com/google.firestore.admin.v1.LocationMetadata"},"locationId":"us-east1","displayName":"South Carolina"},{"name":"projects/atlasfit-5a39c/locations/us-east4","labels":{"appengine.googleapis.com/region":"us-east4","cloud.googleapis.com/location":"us-east4","cloud.googleapis.com/region":"us-east4"},"metadata":{"@type":"type.googleapis.com/google.firestore.admin.v1.LocationMetadata"},"locationId":"us-east4","displayName":"Northern Virginia"},{"name":"projects/atlasfit-5a39c/locations/us-east5","labels":{"cloud.googleapis.com/location":"us-east5","cloud.googleapis.com/region":"us-east5"},"metadata":{"@type":"type.googleapis.com/google.firestore.admin.v1.LocationMetadata"},"locationId":"us-east5","displayName":"Columbus"},{"name":"projects/atlasfit-5a39c/locations/us-south1","labels":{"cloud.googleapis.com/location":"us-south1","cloud.googleapis.com/region":"us-south1"},"metadata":{"@type":"type.googleapis.com/google.firestore.admin.v1.LocationMetadata"},"locationId":"us-south1","displayName":"Dallas"},{"name":"projects/atlasfit-5a39c/locations/us-west1","labels":{"appengine.googleapis.com/region":"us-west1","cloud.googleapis.com/location":"us-west1","cloud.googleapis.com/region":"us-west1"},"metadata":{"@type":"type.googleapis.com/google.firestore.admin.v1.LocationMetadata"},"locationId":"us-west1","displayName":"Oregon"},{"name":"projects/atlasfit-5a39c/locations/us-west2","labels":{"appengine.googleapis.com/region":"us-west2","cloud.googleapis.com/location":"us-west2","cloud.googleapis.com/region":"us-west2"},"metadata":{"@type":"type.googleapis.com/google.firestore.admin.v1.LocationMetadata"},"locationId":"us-west2","displayName":"Los Angeles"},{"name":"projects/atlasfit-5a39c/locations/us-west3","labels":{"appengine.googleapis.com/region":"us-west3","cloud.googleapis.com/location":"us-west3","cloud.googleapis.com/region":"us-west3"},"metadata":{"@type":"type.googleapis.com/google.firestore.admin.v1.LocationMetadata"},"locationId":"us-west3","displayName":"Salt Lake City"},{"name":"projects/atlasfit-5a39c/locations/us-west4","labels":{"appengine.googleapis.com/region":"us-west4","cloud.googleapis.com/location":"us-west4","cloud.googleapis.com/region":"us-west4"},"metadata":{"@type":"type.googleapis.com/google.firestore.admin.v1.LocationMetadata"},"locationId":"us-west4","displayName":"Las Vegas"}]}
[debug] [2026-06-29T03:55:42.869Z] ExitPromptError: User force closed the prompt with SIGINT
    at Interface.sigint (C:\Users\gabriel\AppData\Roaming\npm\node_modules\firebase-tools\node_modules\@inquirer\core\dist\commonjs\lib\create-prompt.js:101:37)
    at Interface.emit (node:events:508:28)
    at [_ttyWrite] [as _ttyWrite] (node:internal/readline/interface:1327:18)
    at ReadStream.onkeypress (node:internal/readline/interface:284:20)
    at ReadStream.emit (node:events:520:35)
    at emitKeys (node:internal/readline/utils:371:14)
    at emitKeys.next (<anonymous>)
    at ReadStream.onData (node:internal/readline/emitKeypressEvents:64:36)
    at ReadStream.emit (node:events:508:28)
    at addChunk (node:internal/streams/readable:563:12)
[error] 
[error] Error: An unexpected error has occurred.
